INFO: latexindent.exe version 3.8.2, 2020-06-10, a script to indent .tex files
      latexindent.exe lives here: D:/texlive/2020/bin/win32/
      Wed Sep 15 10:59:28 2021
      Filename: c:/Users/Zarah/Documents/workspace/MA/Thesis/text/text/__latexindent_temp.tex
INFO: Processing switches:
      -y|--yaml: YAML settings specified via command line
      -c|--cruft: cruft directory
INFO: Directory for backup files and c:/Users/Zarah/Documents/workspace/MA/Thesis/text//indent.log: c:/Users/Zarah/Documents/workspace/MA/Thesis/text/
INFO: YAML settings read: defaultSettings.yaml
      Reading defaultSettings.yaml from D:/texlive/2020/bin/win32/defaultSettings.yaml
      Reading defaultSettings.yaml (2nd attempt, TeXLive, Windows) from D:/texlive/2020/bin/win32/../../texmf-dist/scripts/latexindent/defaultSettings.yaml
INFO: YAML settings read: indentconfig.yaml or .indentconfig.yaml
      Home directory is C:\Users\Zarah (didn't find either indentconfig.yaml or .indentconfig.yaml)
      To specify user settings you would put indentconfig.yaml here: C:\Users\Zarah/indentconfig.yaml
      Alternatively, you can use the hidden file .indentconfig.yaml as: C:\Users\Zarah/.indentconfig.yaml
INFO: YAML settings read: -y switch
      Updating masterSettings with defaultIndent:     
INFO: Phase 1: searching for objects
INFO: Phase 2: finding surrounding indentation
INFO: Phase 3: indenting objects
INFO: Phase 4: final indentation check
INFO: Output routine:
      Not outputting to file; see -w and -o switches for more options.
      --------------
INFO: Please direct all communication/issues to:
      https://github.com/cmhughes/latexindent.pl
